<?xml version="1.0" encoding="UTF-8"?>
<!-- Generated by org.testng.reporters.JUnitXMLReporter -->
<testsuite hostname="DANGERSONisAWOLF" ignored="0" name="Default test" tests="2" failures="0" timestamp="28 Jun 2021 16:16:21 GMT" time="7.417" errors="0">
  <testcase name="LoginHRM" time="2.875" classname="testCases.LoginTest"/>
  <testcase name="LoginHRMExcel" time="0.0" classname="testCases.LoginTest">
    <skipped/>
  </testcase> <!-- LoginHRMExcel -->
</testsuite> <!-- Default test -->
