<?xml version="1.0" encoding="UTF-8"?>
<!-- Generated by org.testng.reporters.JUnitXMLReporter -->
<testsuite hostname="DANGERSONisAWOLF" ignored="0" name="Test" tests="3" failures="0" timestamp="01 Jul 2021 18:46:37 GMT" time="16.049" errors="0">
  <testcase name="LoginHRM" time="2.982" classname="testCases.LoginTest"/>
  <testcase name="UMTest" time="3.067" classname="testCases.userManagementTest"/>
  <testcase name="LoginHRMExcel" time="2.293" classname="testCases.LoginTest"/>
</testsuite> <!-- Test -->
